    94.6ms (setup:1108): 2025-08-24 17:49:19
    94.7ms (setup:1109): /usr/bin/pipx install gns3-server
    94.7ms (setup:1110): pipx version is 1.7.1
    94.7ms (setup:1111): Default python interpreter is '/usr/bin/python3.13'
    94.8ms (mkdir:76): creating directory /home/annpenrose/.local/share/pipx/venvs
    94.9ms (mkdir:76): creating directory /home/annpenrose/.cache/pipx
    95.0ms (mkdir:76): creating directory /home/annpenrose/.local/share/pipx/py
    95.0ms (setup:1125): Adding CACHEDIR.TAG to cache directory
    95.1ms (setup:1125): Adding CACHEDIR.TAG to cache directory
    95.7ms (package_name_from_spec:378): Determined package name: gns3-server
    95.7ms (package_name_from_spec:379): Package name determined in 0.0s
    95.8ms (create_venv:164): Creating virtual environment
    96.1ms (run_subprocess:175): running /usr/bin/python3.13 -m venv --without-pip /home/annpenrose/.local/share/pipx/venvs/gns3-server
   129.6ms (run_subprocess:195): stdout:
   129.6ms (run_subprocess:197): stderr:
   129.6ms (run_subprocess:198): returncode: 0
   130.2ms (run_subprocess:175): running /usr/bin/python3.13 -m venv --clear /home/annpenrose/.local/share/pipx/shared
  1792.0ms (run_subprocess:195): stdout:
  1792.1ms (run_subprocess:197): stderr:
  1792.1ms (run_subprocess:198): returncode: 0
  1792.4ms (run_subprocess:175): running <checking pip's availability>
  1802.0ms (run_subprocess:195): stdout: ModuleSpec(name='pip', loader=<_frozen_importlib_external.SourceFileLoader object at 0x7fb6eec33250>, origin='/home/annpenrose/.local/share/pipx/shared/lib/python3.13/site-packages/pip/__init__.py', submodule_search_locations=['/home/annpenrose/.local/share/pipx/shared/lib/python3.13/site-packages/pip'])
  1802.0ms (run_subprocess:198): returncode: 0
  1802.2ms (upgrade:119): Upgrading shared libraries in /home/annpenrose/.local/share/pipx/shared
  1802.5ms (run_subprocess:175): running /home/annpenrose/.local/share/pipx/shared/bin/python -m pip --no-input --disable-pip-version-check install --force-reinstall -q --upgrade pip >= 23.1
  5195.2ms (run_subprocess:195): stdout:
  5195.2ms (run_subprocess:197): stderr:
  5195.2ms (run_subprocess:198): returncode: 0
  5195.6ms (run_subprocess:175): running /home/annpenrose/.local/share/pipx/venvs/gns3-server/bin/python -c import sysconfig; print(sysconfig.get_path('purelib'))
  5207.0ms (run_subprocess:195): stdout: /home/annpenrose/.local/share/pipx/venvs/gns3-server/lib/python3.13/site-packages
  5207.0ms (run_subprocess:198): returncode: 0
  5207.3ms (run_subprocess:175): running /home/annpenrose/.local/share/pipx/shared/bin/python -c import sysconfig; print(sysconfig.get_path('purelib'))
  5218.1ms (run_subprocess:195): stdout: /home/annpenrose/.local/share/pipx/shared/lib/python3.13/site-packages
  5218.1ms (run_subprocess:198): returncode: 0
  5218.5ms (run_subprocess:175): running /home/annpenrose/.local/share/pipx/venvs/gns3-server/bin/python --version
  5219.5ms (run_subprocess:195): stdout: Python 3.13.6
  5219.5ms (run_subprocess:197): stderr:
  5219.6ms (run_subprocess:198): returncode: 0
  5219.7ms (_parsed_package_to_package_or_url:139): cleaned package spec: gns3-server
  5219.7ms (install_package:247): Installing gns3-server
  5220.0ms (run_subprocess:175): running /home/annpenrose/.local/share/pipx/venvs/gns3-server/bin/python -m pip --no-input install gns3-server
 28784.0ms (run_subprocess:198): returncode: 0
 28784.5ms (run_subprocess:175): running <fetch_info_in_venv commands>
 28800.2ms (run_subprocess:195): stdout: {"sys_path": ["/usr/lib/python313.zip", "/usr/lib/python3.13", "/usr/lib/python3.13/lib-dynload", "/home/annpenrose/.local/share/pipx/venvs/gns3-server/lib/python3.13/site-packages", "/home/annpenrose/.local/share/pipx/shared/lib/python3.13/site-packages"], "python_version": "3.13.6", "environment": {"implementation_name": "cpython", "implementation_version": "3.13.6", "os_name": "posix", "platform_machine": "x86_64", "platform_release": "6.12.41+deb13-amd64", "platform_system": "Linux", "platform_version": "#1 SMP PREEMPT_DYNAMIC Debian 6.12.41-1 (2025-08-12)", "python_full_version": "3.13.6", "platform_python_implementation": "CPython", "python_version": "3.13", "sys_platform": "linux"}}
 28800.3ms (run_subprocess:198): returncode: 0
 29123.6ms (get_venv_metadata_for_package:351): get_venv_metadata_for_package: 339ms
 29123.7ms (_parsed_package_to_package_or_url:139): cleaned package spec: gns3-server
 29125.2ms (cli:1187): pipx finished.
